<?xml version="1.0" encoding="UTF-8"?>
<testng-results ignored="0" total="1" passed="1" failed="0" skipped="0">
  <reporter-output>
  </reporter-output>
  <suite started-at="2025-04-19T00:03:28 IST" name="Suite" finished-at="2025-04-19T00:03:35 IST" duration-ms="6495">
    <groups>
      <group name="cucumber">
        <method signature="AbstractTestNGCucumberTests.runScenario(io.cucumber.testng.PickleWrapper,io.cucumber.testng.FeatureWrapper)[pri:0, instance:com.hrmsProject.Runner.RunnerClass@7f485fda]" name="runScenario" class="io.cucumber.testng.AbstractTestNGCucumberTests"/>
      </group> <!-- cucumber -->
    </groups>
    <test started-at="2025-04-19T00:03:28 IST" name="Test" finished-at="2025-04-19T00:03:35 IST" duration-ms="6495">
      <class name="com.hrmsProject.Runner.RunnerClass">
        <test-method is-config="true" signature="openBrowser(java.lang.String)[pri:0, instance:com.hrmsProject.Runner.RunnerClass@7f485fda]" started-at="2025-04-19T00:03:28 IST" name="openBrowser" finished-at="2025-04-19T00:03:30 IST" duration-ms="1468" status="PASS">
          <params>
            <param index="0">
              <value>
                <![CDATA[chrome]]>
              </value>
            </param>
          </params>
          <reporter-output>
          </reporter-output>
        </test-method> <!-- openBrowser -->
        <test-method is-config="true" signature="setUpClass(org.testng.ITestContext)[pri:0, instance:com.hrmsProject.Runner.RunnerClass@7f485fda]" started-at="2025-04-19T00:03:30 IST" name="setUpClass" finished-at="2025-04-19T00:03:30 IST" duration-ms="401" status="PASS">
          <params>
            <param index="0">
              <value>
                <![CDATA[org.testng.TestRunner@3962ec84]]>
              </value>
            </param>
          </params>
          <reporter-output>
          </reporter-output>
        </test-method> <!-- setUpClass -->
        <test-method signature="runScenario(io.cucumber.testng.PickleWrapper,io.cucumber.testng.FeatureWrapper)[pri:0, instance:com.hrmsProject.Runner.RunnerClass@7f485fda]" started-at="2025-04-19T00:03:30 IST" name="runScenario" description="Runs Cucumber Scenarios" data-provider="scenarios" finished-at="2025-04-19T00:03:33 IST" duration-ms="3174" status="PASS">
          <params>
            <param index="0">
              <value>
                <![CDATA["User Login with valid Credentials"]]>
              </value>
            </param>
            <param index="1">
              <value>
                <![CDATA["User verify login functionality"]]>
              </value>
            </param>
          </params>
          <reporter-output>
          </reporter-output>
        </test-method> <!-- runScenario -->
        <test-method is-config="true" signature="tearDownClass()[pri:0, instance:com.hrmsProject.Runner.RunnerClass@7f485fda]" started-at="2025-04-19T00:03:33 IST" name="tearDownClass" finished-at="2025-04-19T00:03:35 IST" duration-ms="1413" status="PASS">
          <reporter-output>
          </reporter-output>
        </test-method> <!-- tearDownClass -->
      </class> <!-- com.hrmsProject.Runner.RunnerClass -->
    </test> <!-- Test -->
  </suite> <!-- Suite -->
</testng-results>
